2025-11-11 14:41:12,600 - __main__ - INFO - Starting building automation script in DRY RUN MODE
2025-11-11 14:41:12,600 - __main__ - INFO - Log file: ./output/buildings_automation_20251111_144112.log
2025-11-11 14:41:12,601 - __main__ - INFO - Connecting to PostgreSQL database...
2025-11-11 14:41:12,635 - database - INFO - Successfully connected to PostgreSQL database
2025-11-11 14:41:12,635 - __main__ - INFO - Processing buildings for island: santospirito
2025-11-11 14:41:12,652 - database - INFO - Fetched 64 building records from qgis_santospirito_buildings
2025-11-11 14:41:12,653 - database - INFO - Fetched 60 source year mappings
2025-11-11 14:41:12,653 - database - INFO - Grouped 64 phases into 51 buildings
2025-11-11 14:41:12,653 - database - WARNING - Source '1945' not found in sources_years table
2025-11-11 14:41:12,653 - database - WARNING - Source '1945' not found in sources_years table
2025-11-11 14:41:12,653 - database - WARNING - Source '1945' not found in sources_years table
2025-11-11 14:41:12,653 - database - WARNING - Source '1945' not found in sources_years table
2025-11-11 14:41:12,653 - database - WARNING - Source '1945' not found in sources_years table
2025-11-11 14:41:12,653 - database - WARNING - Source '1945' not found in sources_years table
2025-11-11 14:41:12,653 - database - WARNING - Source '1945' not found in sources_years table
2025-11-11 14:41:12,653 - database - WARNING - Source '1945' not found in sources_years table
2025-11-11 14:41:12,653 - database - WARNING - Source '1945' not found in sources_years table
2025-11-11 14:41:12,653 - database - WARNING - Source '1945' not found in sources_years table
2025-11-11 14:41:12,653 - database - WARNING - Source '1945' not found in sources_years table
2025-11-11 14:41:12,653 - database - WARNING - Source '1945' not found in sources_years table
2025-11-11 14:41:12,653 - database - WARNING - Source '1945' not found in sources_years table
2025-11-11 14:41:12,653 - database - WARNING - Source '1945' not found in sources_years table
2025-11-11 14:41:12,654 - database - WARNING - Source '1945' not found in sources_years table
2025-11-11 14:41:12,654 - database - WARNING - Source '1945' not found in sources_years table
2025-11-11 14:41:12,654 - database - WARNING - Source '1945' not found in sources_years table
2025-11-11 14:41:12,654 - database - WARNING - Source '1945' not found in sources_years table
2025-11-11 14:41:12,654 - database - WARNING - Source '1945' not found in sources_years table
2025-11-11 14:41:12,654 - database - WARNING - Source '1945' not found in sources_years table
2025-11-11 14:41:12,654 - database - WARNING - Source '1945' not found in sources_years table
2025-11-11 14:41:12,654 - database - WARNING - Source '1945' not found in sources_years table
2025-11-11 14:41:12,654 - database - WARNING - Source '1945' not found in sources_years table
2025-11-11 14:41:12,654 - database - WARNING - Source '1945' not found in sources_years table
2025-11-11 14:41:12,654 - database - WARNING - Source '1945' not found in sources_years table
2025-11-11 14:41:12,654 - database - WARNING - Source '1945' not found in sources_years table
2025-11-11 14:41:12,654 - database - WARNING - Source '1945' not found in sources_years table
2025-11-11 14:41:12,654 - database - WARNING - Source '1945' not found in sources_years table
2025-11-11 14:41:12,654 - database - WARNING - Source '1945' not found in sources_years table
2025-11-11 14:41:12,654 - database - WARNING - Source '1945' not found in sources_years table
2025-11-11 14:41:12,654 - database - WARNING - Source '1945' not found in sources_years table
2025-11-11 14:41:12,654 - database - WARNING - Source '1945' not found in sources_years table
2025-11-11 14:41:12,654 - database - WARNING - Source '1945' not found in sources_years table
2025-11-11 14:41:12,654 - database - WARNING - Source '1945' not found in sources_years table
2025-11-11 14:41:12,654 - database - WARNING - Source '1945' not found in sources_years table
2025-11-11 14:41:12,654 - database - WARNING - Source '1945' not found in sources_years table
2025-11-11 14:41:12,654 - database - WARNING - Source '1945' not found in sources_years table
2025-11-11 14:41:12,654 - database - WARNING - Source '1945' not found in sources_years table
2025-11-11 14:41:12,654 - database - WARNING - Source '1945' not found in sources_years table
2025-11-11 14:41:12,654 - database - WARNING - Source '1945' not found in sources_years table
2025-11-11 14:41:12,654 - database - INFO - Processed 51 buildings with their phases
2025-11-11 14:41:12,654 - __main__ - INFO - Found 51 buildings to process
2025-11-11 14:41:12,654 - __main__ - INFO - Looking up island URI for 'santospirito'...
2025-11-11 14:41:12,837 - sparql - INFO - Found island URI for 'santospirito': https://veniss.net/resource/builtwork/d654e054-dd23-419a-baab-ee40342694ae
2025-11-11 14:41:12,838 - __main__ - INFO - Processing building 1/51: SSP_BLDG_11
2025-11-11 14:41:12,838 - sparql - INFO - [DRY RUN] Would check if building 'SSP_BLDG_11' exists
2025-11-11 14:41:12,838 - __main__ - INFO - Generating SPARQL query for 'SSP_BLDG_11'...
2025-11-11 14:41:12,839 - __main__ - INFO - Processing building 2/51: SSP_BLDG_6
2025-11-11 14:41:12,839 - sparql - INFO - [DRY RUN] Would check if building 'SSP_BLDG_6' exists
2025-11-11 14:41:12,839 - __main__ - INFO - Generating SPARQL query for 'SSP_BLDG_6'...
2025-11-11 14:41:12,839 - __main__ - INFO - Processing building 3/51: SSP_BLDG_2
2025-11-11 14:41:12,839 - sparql - INFO - [DRY RUN] Would check if building 'SSP_BLDG_2' exists
2025-11-11 14:41:12,839 - __main__ - INFO - Generating SPARQL query for 'SSP_BLDG_2'...
2025-11-11 14:41:12,839 - __main__ - INFO - Processing building 4/51: SSP_BLDG_14
2025-11-11 14:41:12,839 - sparql - INFO - [DRY RUN] Would check if building 'SSP_BLDG_14' exists
2025-11-11 14:41:12,839 - __main__ - INFO - Generating SPARQL query for 'SSP_BLDG_14'...
2025-11-11 14:41:12,839 - __main__ - INFO - Processing building 5/51: SSP_BLDG_15
2025-11-11 14:41:12,839 - sparql - INFO - [DRY RUN] Would check if building 'SSP_BLDG_15' exists
2025-11-11 14:41:12,839 - __main__ - INFO - Generating SPARQL query for 'SSP_BLDG_15'...
2025-11-11 14:41:12,839 - __main__ - INFO - Processing building 6/51: SSP_BLDG_3
2025-11-11 14:41:12,839 - sparql - INFO - [DRY RUN] Would check if building 'SSP_BLDG_3' exists
2025-11-11 14:41:12,839 - __main__ - INFO - Generating SPARQL query for 'SSP_BLDG_3'...
2025-11-11 14:41:12,839 - __main__ - INFO - Processing building 7/51: SSP_BLDG_1
2025-11-11 14:41:12,839 - sparql - INFO - [DRY RUN] Would check if building 'SSP_BLDG_1' exists
2025-11-11 14:41:12,839 - __main__ - INFO - Generating SPARQL query for 'SSP_BLDG_1'...
2025-11-11 14:41:12,839 - __main__ - INFO - Processing building 8/51: SSP_BLDG_16
2025-11-11 14:41:12,839 - sparql - INFO - [DRY RUN] Would check if building 'SSP_BLDG_16' exists
2025-11-11 14:41:12,839 - __main__ - INFO - Generating SPARQL query for 'SSP_BLDG_16'...
2025-11-11 14:41:12,839 - __main__ - INFO - Processing building 9/51: SSP_BLDG_12
2025-11-11 14:41:12,839 - sparql - INFO - [DRY RUN] Would check if building 'SSP_BLDG_12' exists
2025-11-11 14:41:12,839 - __main__ - INFO - Generating SPARQL query for 'SSP_BLDG_12'...
2025-11-11 14:41:12,840 - __main__ - INFO - Processing building 10/51: SSP_BLDG_5
2025-11-11 14:41:12,840 - sparql - INFO - [DRY RUN] Would check if building 'SSP_BLDG_5' exists
2025-11-11 14:41:12,840 - __main__ - INFO - Generating SPARQL query for 'SSP_BLDG_5'...
2025-11-11 14:41:12,840 - __main__ - INFO - Processing building 11/51: SSP_BLDG_9
2025-11-11 14:41:12,840 - sparql - INFO - [DRY RUN] Would check if building 'SSP_BLDG_9' exists
2025-11-11 14:41:12,840 - __main__ - INFO - Generating SPARQL query for 'SSP_BLDG_9'...
2025-11-11 14:41:12,840 - __main__ - INFO - Processing building 12/51: SSP_BLDG_4
2025-11-11 14:41:12,840 - sparql - INFO - [DRY RUN] Would check if building 'SSP_BLDG_4' exists
2025-11-11 14:41:12,840 - __main__ - INFO - Generating SPARQL query for 'SSP_BLDG_4'...
2025-11-11 14:41:12,840 - __main__ - INFO - Processing building 13/51: SSP_BLDG_52
2025-11-11 14:41:12,840 - sparql - INFO - [DRY RUN] Would check if building 'SSP_BLDG_52' exists
2025-11-11 14:41:12,840 - __main__ - INFO - Generating SPARQL query for 'SSP_BLDG_52'...
2025-11-11 14:41:12,840 - __main__ - INFO - Processing building 14/51: SSP_BLDG_19
2025-11-11 14:41:12,840 - sparql - INFO - [DRY RUN] Would check if building 'SSP_BLDG_19' exists
2025-11-11 14:41:12,840 - __main__ - INFO - Generating SPARQL query for 'SSP_BLDG_19'...
2025-11-11 14:41:12,840 - __main__ - INFO - Processing building 15/51: SSP_BLDG_17
2025-11-11 14:41:12,840 - sparql - INFO - [DRY RUN] Would check if building 'SSP_BLDG_17' exists
2025-11-11 14:41:12,840 - __main__ - INFO - Generating SPARQL query for 'SSP_BLDG_17'...
2025-11-11 14:41:12,840 - __main__ - INFO - Processing building 16/51: SSP_BLDG_7
2025-11-11 14:41:12,840 - sparql - INFO - [DRY RUN] Would check if building 'SSP_BLDG_7' exists
2025-11-11 14:41:12,840 - __main__ - INFO - Generating SPARQL query for 'SSP_BLDG_7'...
2025-11-11 14:41:12,840 - __main__ - INFO - Processing building 17/51: SSP_BLDG_21
2025-11-11 14:41:12,840 - sparql - INFO - [DRY RUN] Would check if building 'SSP_BLDG_21' exists
2025-11-11 14:41:12,840 - __main__ - INFO - Generating SPARQL query for 'SSP_BLDG_21'...
2025-11-11 14:41:12,841 - __main__ - INFO - Processing building 18/51: SSP_BLDG_20
2025-11-11 14:41:12,841 - sparql - INFO - [DRY RUN] Would check if building 'SSP_BLDG_20' exists
2025-11-11 14:41:12,841 - __main__ - INFO - Generating SPARQL query for 'SSP_BLDG_20'...
2025-11-11 14:41:12,841 - __main__ - INFO - Processing building 19/51: SSP_BLDG_37
2025-11-11 14:41:12,841 - sparql - INFO - [DRY RUN] Would check if building 'SSP_BLDG_37' exists
2025-11-11 14:41:12,841 - __main__ - INFO - Generating SPARQL query for 'SSP_BLDG_37'...
2025-11-11 14:41:12,841 - __main__ - INFO - Processing building 20/51: SSP_BLDG_38
2025-11-11 14:41:12,841 - sparql - INFO - [DRY RUN] Would check if building 'SSP_BLDG_38' exists
2025-11-11 14:41:12,841 - __main__ - INFO - Generating SPARQL query for 'SSP_BLDG_38'...
2025-11-11 14:41:12,841 - __main__ - INFO - Processing building 21/51: SSP_BLDG_39
2025-11-11 14:41:12,841 - sparql - INFO - [DRY RUN] Would check if building 'SSP_BLDG_39' exists
2025-11-11 14:41:12,841 - __main__ - INFO - Generating SPARQL query for 'SSP_BLDG_39'...
2025-11-11 14:41:12,841 - __main__ - INFO - Processing building 22/51: SSP_BLDG_40
2025-11-11 14:41:12,841 - sparql - INFO - [DRY RUN] Would check if building 'SSP_BLDG_40' exists
2025-11-11 14:41:12,841 - __main__ - INFO - Generating SPARQL query for 'SSP_BLDG_40'...
2025-11-11 14:41:12,841 - __main__ - INFO - Processing building 23/51: SSP_BLDG_41
2025-11-11 14:41:12,841 - sparql - INFO - [DRY RUN] Would check if building 'SSP_BLDG_41' exists
2025-11-11 14:41:12,841 - __main__ - INFO - Generating SPARQL query for 'SSP_BLDG_41'...
2025-11-11 14:41:12,841 - __main__ - INFO - Processing building 24/51: SSP_BLDG_10
2025-11-11 14:41:12,841 - sparql - INFO - [DRY RUN] Would check if building 'SSP_BLDG_10' exists
2025-11-11 14:41:12,841 - __main__ - INFO - Generating SPARQL query for 'SSP_BLDG_10'...
2025-11-11 14:41:12,841 - __main__ - INFO - Processing building 25/51: SSP_BLDG_8
2025-11-11 14:41:12,841 - sparql - INFO - [DRY RUN] Would check if building 'SSP_BLDG_8' exists
2025-11-11 14:41:12,841 - __main__ - INFO - Generating SPARQL query for 'SSP_BLDG_8'...
2025-11-11 14:41:12,841 - __main__ - INFO - Processing building 26/51: SSP_BLDG_18
2025-11-11 14:41:12,841 - sparql - INFO - [DRY RUN] Would check if building 'SSP_BLDG_18' exists
2025-11-11 14:41:12,841 - __main__ - INFO - Generating SPARQL query for 'SSP_BLDG_18'...
2025-11-11 14:41:12,841 - __main__ - INFO - Processing building 27/51: SSP_BLDG_22
2025-11-11 14:41:12,841 - sparql - INFO - [DRY RUN] Would check if building 'SSP_BLDG_22' exists
2025-11-11 14:41:12,841 - __main__ - INFO - Generating SPARQL query for 'SSP_BLDG_22'...
2025-11-11 14:41:12,841 - __main__ - INFO - Processing building 28/51: SSP_BLDG_23
2025-11-11 14:41:12,841 - sparql - INFO - [DRY RUN] Would check if building 'SSP_BLDG_23' exists
2025-11-11 14:41:12,841 - __main__ - INFO - Generating SPARQL query for 'SSP_BLDG_23'...
2025-11-11 14:41:12,841 - __main__ - INFO - Processing building 29/51: SSP_BLDG_24
2025-11-11 14:41:12,841 - sparql - INFO - [DRY RUN] Would check if building 'SSP_BLDG_24' exists
2025-11-11 14:41:12,841 - __main__ - INFO - Generating SPARQL query for 'SSP_BLDG_24'...
2025-11-11 14:41:12,841 - __main__ - INFO - Processing building 30/51: SSP_BLDG_25
2025-11-11 14:41:12,841 - sparql - INFO - [DRY RUN] Would check if building 'SSP_BLDG_25' exists
2025-11-11 14:41:12,841 - __main__ - INFO - Generating SPARQL query for 'SSP_BLDG_25'...
2025-11-11 14:41:12,841 - __main__ - INFO - Processing building 31/51: SSP_BLDG_26
2025-11-11 14:41:12,841 - sparql - INFO - [DRY RUN] Would check if building 'SSP_BLDG_26' exists
2025-11-11 14:41:12,841 - __main__ - INFO - Generating SPARQL query for 'SSP_BLDG_26'...
2025-11-11 14:41:12,842 - __main__ - INFO - Processing building 32/51: SSP_BLDG_27
2025-11-11 14:41:12,842 - sparql - INFO - [DRY RUN] Would check if building 'SSP_BLDG_27' exists
2025-11-11 14:41:12,842 - __main__ - INFO - Generating SPARQL query for 'SSP_BLDG_27'...
2025-11-11 14:41:12,842 - __main__ - INFO - Processing building 33/51: SSP_BLDG_29
2025-11-11 14:41:12,842 - sparql - INFO - [DRY RUN] Would check if building 'SSP_BLDG_29' exists
2025-11-11 14:41:12,842 - __main__ - INFO - Generating SPARQL query for 'SSP_BLDG_29'...
2025-11-11 14:41:12,842 - __main__ - INFO - Processing building 34/51: SSP_BLDG_30
2025-11-11 14:41:12,842 - sparql - INFO - [DRY RUN] Would check if building 'SSP_BLDG_30' exists
2025-11-11 14:41:12,842 - __main__ - INFO - Generating SPARQL query for 'SSP_BLDG_30'...
2025-11-11 14:41:12,842 - __main__ - INFO - Processing building 35/51: SSP_BLDG_31
2025-11-11 14:41:12,842 - sparql - INFO - [DRY RUN] Would check if building 'SSP_BLDG_31' exists
2025-11-11 14:41:12,842 - __main__ - INFO - Generating SPARQL query for 'SSP_BLDG_31'...
2025-11-11 14:41:12,842 - __main__ - INFO - Processing building 36/51: SSP_BLDG_32
2025-11-11 14:41:12,842 - sparql - INFO - [DRY RUN] Would check if building 'SSP_BLDG_32' exists
2025-11-11 14:41:12,842 - __main__ - INFO - Generating SPARQL query for 'SSP_BLDG_32'...
2025-11-11 14:41:12,842 - __main__ - INFO - Processing building 37/51: SSP_BLDG_33
2025-11-11 14:41:12,842 - sparql - INFO - [DRY RUN] Would check if building 'SSP_BLDG_33' exists
2025-11-11 14:41:12,842 - __main__ - INFO - Generating SPARQL query for 'SSP_BLDG_33'...
2025-11-11 14:41:12,842 - __main__ - INFO - Processing building 38/51: SSP_BLDG_34
2025-11-11 14:41:12,842 - sparql - INFO - [DRY RUN] Would check if building 'SSP_BLDG_34' exists
2025-11-11 14:41:12,842 - __main__ - INFO - Generating SPARQL query for 'SSP_BLDG_34'...
2025-11-11 14:41:12,842 - __main__ - INFO - Processing building 39/51: SSP_BLDG_36
2025-11-11 14:41:12,842 - sparql - INFO - [DRY RUN] Would check if building 'SSP_BLDG_36' exists
2025-11-11 14:41:12,842 - __main__ - INFO - Generating SPARQL query for 'SSP_BLDG_36'...
2025-11-11 14:41:12,842 - __main__ - INFO - Processing building 40/51: SSP_BLDG_28
2025-11-11 14:41:12,842 - sparql - INFO - [DRY RUN] Would check if building 'SSP_BLDG_28' exists
2025-11-11 14:41:12,842 - __main__ - INFO - Generating SPARQL query for 'SSP_BLDG_28'...
2025-11-11 14:41:12,842 - __main__ - INFO - Processing building 41/51: SSP_BLDG_35
2025-11-11 14:41:12,842 - sparql - INFO - [DRY RUN] Would check if building 'SSP_BLDG_35' exists
2025-11-11 14:41:12,842 - __main__ - INFO - Generating SPARQL query for 'SSP_BLDG_35'...
2025-11-11 14:41:12,842 - __main__ - INFO - Processing building 42/51: SSP_BLDG_47
2025-11-11 14:41:12,842 - sparql - INFO - [DRY RUN] Would check if building 'SSP_BLDG_47' exists
2025-11-11 14:41:12,842 - __main__ - INFO - Generating SPARQL query for 'SSP_BLDG_47'...
2025-11-11 14:41:12,842 - __main__ - INFO - Processing building 43/51: SSP_BLDG_48
2025-11-11 14:41:12,842 - sparql - INFO - [DRY RUN] Would check if building 'SSP_BLDG_48' exists
2025-11-11 14:41:12,842 - __main__ - INFO - Generating SPARQL query for 'SSP_BLDG_48'...
2025-11-11 14:41:12,842 - __main__ - INFO - Processing building 44/51: SSP_BLDG_49
2025-11-11 14:41:12,842 - sparql - INFO - [DRY RUN] Would check if building 'SSP_BLDG_49' exists
2025-11-11 14:41:12,842 - __main__ - INFO - Generating SPARQL query for 'SSP_BLDG_49'...
2025-11-11 14:41:12,842 - __main__ - INFO - Processing building 45/51: SSP_BLDG_45
2025-11-11 14:41:12,843 - sparql - INFO - [DRY RUN] Would check if building 'SSP_BLDG_45' exists
2025-11-11 14:41:12,843 - __main__ - INFO - Generating SPARQL query for 'SSP_BLDG_45'...
2025-11-11 14:41:12,843 - __main__ - INFO - Processing building 46/51: SSP_BLDG_50
2025-11-11 14:41:12,843 - sparql - INFO - [DRY RUN] Would check if building 'SSP_BLDG_50' exists
2025-11-11 14:41:12,843 - __main__ - INFO - Generating SPARQL query for 'SSP_BLDG_50'...
2025-11-11 14:41:12,843 - __main__ - INFO - Processing building 47/51: SSP_BLDG_51
2025-11-11 14:41:12,843 - sparql - INFO - [DRY RUN] Would check if building 'SSP_BLDG_51' exists
2025-11-11 14:41:12,843 - __main__ - INFO - Generating SPARQL query for 'SSP_BLDG_51'...
2025-11-11 14:41:12,843 - __main__ - INFO - Processing building 48/51: SSP_BLDG_42
2025-11-11 14:41:12,843 - sparql - INFO - [DRY RUN] Would check if building 'SSP_BLDG_42' exists
2025-11-11 14:41:12,843 - __main__ - INFO - Generating SPARQL query for 'SSP_BLDG_42'...
2025-11-11 14:41:12,843 - __main__ - INFO - Processing building 49/51: SSP_BLDG_43
2025-11-11 14:41:12,843 - sparql - INFO - [DRY RUN] Would check if building 'SSP_BLDG_43' exists
2025-11-11 14:41:12,843 - __main__ - INFO - Generating SPARQL query for 'SSP_BLDG_43'...
2025-11-11 14:41:12,843 - __main__ - INFO - Processing building 50/51: SSP_BLDG_44
2025-11-11 14:41:12,843 - sparql - INFO - [DRY RUN] Would check if building 'SSP_BLDG_44' exists
2025-11-11 14:41:12,843 - __main__ - INFO - Generating SPARQL query for 'SSP_BLDG_44'...
2025-11-11 14:41:12,843 - __main__ - INFO - Processing building 51/51: SSP_BLDG_46
2025-11-11 14:41:12,843 - sparql - INFO - [DRY RUN] Would check if building 'SSP_BLDG_46' exists
2025-11-11 14:41:12,843 - __main__ - INFO - Generating SPARQL query for 'SSP_BLDG_46'...
2025-11-11 14:41:12,843 - __main__ - INFO - Database connection closed
2025-11-11 14:41:12,843 - __main__ - INFO - Writing results to output files...
2025-11-11 14:41:12,844 - __main__ - INFO - Dry run preview written to: ./output/dry_run_preview.txt
2025-11-11 14:41:12,844 - __main__ - INFO - DRY RUN: Would have inserted 51 buildings
2025-11-11 14:41:12,844 - __main__ - INFO - ================================================================================
2025-11-11 14:41:12,844 - __main__ - INFO - SUMMARY
2025-11-11 14:41:12,844 - __main__ - INFO - ================================================================================
2025-11-11 14:41:12,844 - __main__ - INFO - Buildings to insert: 51
2025-11-11 14:41:12,844 - __main__ - INFO - Buildings skipped: 0
2025-11-11 14:41:12,844 - __main__ - INFO - Buildings with errors: 0
2025-11-11 14:41:12,844 - __main__ - INFO - ================================================================================
2025-11-11 14:41:12,844 - __main__ - INFO - Script completed successfully
