2025-10-21 15:15:26,207 - __main__ - INFO - Starting building automation script in DRY RUN MODE
2025-10-21 15:15:26,207 - __main__ - INFO - Log file: ./output/buildings_automation_20251021_151526.log
2025-10-21 15:15:26,207 - __main__ - INFO - Connecting to PostgreSQL database...
2025-10-21 15:15:26,211 - database - ERROR - Failed to connect to database: connection to server at "localhost" (::1), port 5432 failed: Connection refused
	Is the server running on that host and accepting TCP/IP connections?
connection to server at "localhost" (127.0.0.1), port 5432 failed: Connection refused
	Is the server running on that host and accepting TCP/IP connections?

2025-10-21 15:15:26,211 - __main__ - ERROR - Fatal error during processing: connection to server at "localhost" (::1), port 5432 failed: Connection refused
	Is the server running on that host and accepting TCP/IP connections?
connection to server at "localhost" (127.0.0.1), port 5432 failed: Connection refused
	Is the server running on that host and accepting TCP/IP connections?

2025-10-21 15:15:26,211 - __main__ - ERROR - Script failed with error: connection to server at "localhost" (::1), port 5432 failed: Connection refused
	Is the server running on that host and accepting TCP/IP connections?
connection to server at "localhost" (127.0.0.1), port 5432 failed: Connection refused
	Is the server running on that host and accepting TCP/IP connections?
Traceback (most recent call last):
  File "/Users/remogrillo/Desktop/TattiDEV/veniss/VeNiss_queries/sparql/buildings_automation/create_buildings.py", line 257, in main
    process_buildings(
  File "/Users/remogrillo/Desktop/TattiDEV/veniss/VeNiss_queries/sparql/buildings_automation/create_buildings.py", line 116, in process_buildings
    conn = database.connect_db()
           ^^^^^^^^^^^^^^^^^^^^^
  File "/Users/remogrillo/Desktop/TattiDEV/veniss/VeNiss_queries/sparql/buildings_automation/database.py", line 22, in connect_db
    conn = psycopg2.connect(
           ^^^^^^^^^^^^^^^^^
  File "/opt/anaconda3/lib/python3.12/site-packages/psycopg2/__init__.py", line 122, in connect
    conn = _connect(dsn, connection_factory=connection_factory, **kwasync)
           ^^^^^^^^^^^^^^^^^^^^^^^^^^^^^^^^^^^^^^^^^^^^^^^^^^^^^^^^^^^^^^^
psycopg2.OperationalError: connection to server at "localhost" (::1), port 5432 failed: Connection refused
	Is the server running on that host and accepting TCP/IP connections?
connection to server at "localhost" (127.0.0.1), port 5432 failed: Connection refused
	Is the server running on that host and accepting TCP/IP connections?

