2025-10-21 15:48:53,740 - __main__ - INFO - Starting building automation script in LIVE MODE
2025-10-21 15:48:53,740 - __main__ - INFO - Log file: ./output/buildings_automation_20251021_154853.log
2025-10-21 15:48:53,740 - __main__ - INFO - Connecting to PostgreSQL database...
2025-10-21 15:48:54,005 - database - INFO - Successfully connected to PostgreSQL database
2025-10-21 15:48:54,005 - __main__ - INFO - Processing buildings for island: santospirito
2025-10-21 15:48:54,140 - database - INFO - Fetched 19 building records from qgis_santospirito_buildings
2025-10-21 15:48:54,171 - database - INFO - Fetched 60 source year mappings
2025-10-21 15:48:54,171 - database - INFO - Grouped 19 phases into 17 buildings
2025-10-21 15:48:54,171 - database - INFO - Processed 17 buildings with their phases
2025-10-21 15:48:54,171 - __main__ - INFO - Found 17 buildings to process
2025-10-21 15:48:54,171 - __main__ - INFO - Looking up island URI for 'santospirito'...
2025-10-21 15:48:54,502 - sparql - INFO - Found island URI for 'santospirito': https://veniss.net/resource/builtwork/d654e054-dd23-419a-baab-ee40342694ae
2025-10-21 15:48:54,504 - __main__ - INFO - Processing building 1/17: SSP_BLDG_2
2025-10-21 15:48:54,832 - sparql - INFO - Building 'SSP_BLDG_2' does not exist
2025-10-21 15:48:54,833 - __main__ - INFO - Generating SPARQL query for 'SSP_BLDG_2'...
2025-10-21 15:48:54,833 - __main__ - INFO - Inserting building 'SSP_BLDG_2' into triplestore...
2025-10-21 15:48:55,160 - sparql - INFO - Successfully executed INSERT query
2025-10-21 15:48:55,161 - __main__ - INFO - Successfully inserted building 'SSP_BLDG_2'
2025-10-21 15:48:55,161 - __main__ - INFO - Processing building 2/17: SSP_BLDG_6
2025-10-21 15:48:55,551 - sparql - INFO - Building 'SSP_BLDG_6' does not exist
2025-10-21 15:48:55,552 - __main__ - INFO - Generating SPARQL query for 'SSP_BLDG_6'...
2025-10-21 15:48:55,552 - __main__ - INFO - Inserting building 'SSP_BLDG_6' into triplestore...
2025-10-21 15:48:55,882 - sparql - INFO - Successfully executed INSERT query
2025-10-21 15:48:55,885 - __main__ - INFO - Successfully inserted building 'SSP_BLDG_6'
2025-10-21 15:48:55,885 - __main__ - INFO - Processing building 3/17: SSP_BLDG_1
2025-10-21 15:48:56,210 - sparql - INFO - Building 'SSP_BLDG_1' does not exist
2025-10-21 15:48:56,215 - __main__ - INFO - Generating SPARQL query for 'SSP_BLDG_1'...
2025-10-21 15:48:56,215 - __main__ - INFO - Inserting building 'SSP_BLDG_1' into triplestore...
2025-10-21 15:48:56,601 - sparql - INFO - Successfully executed INSERT query
2025-10-21 15:48:56,604 - __main__ - INFO - Successfully inserted building 'SSP_BLDG_1'
2025-10-21 15:48:56,604 - __main__ - INFO - Processing building 4/17: SSP_BLDG_14
2025-10-21 15:48:56,933 - sparql - INFO - Building 'SSP_BLDG_14' does not exist
2025-10-21 15:48:56,940 - __main__ - INFO - Generating SPARQL query for 'SSP_BLDG_14'...
2025-10-21 15:48:56,940 - __main__ - INFO - Inserting building 'SSP_BLDG_14' into triplestore...
2025-10-21 15:48:57,255 - sparql - INFO - Successfully executed INSERT query
2025-10-21 15:48:57,258 - __main__ - INFO - Successfully inserted building 'SSP_BLDG_14'
2025-10-21 15:48:57,258 - __main__ - INFO - Processing building 5/17: SSP_BLDG_9
2025-10-21 15:48:57,653 - sparql - INFO - Building 'SSP_BLDG_9' does not exist
2025-10-21 15:48:57,655 - __main__ - INFO - Generating SPARQL query for 'SSP_BLDG_9'...
2025-10-21 15:48:57,655 - __main__ - INFO - Inserting building 'SSP_BLDG_9' into triplestore...
2025-10-21 15:48:57,980 - sparql - INFO - Successfully executed INSERT query
2025-10-21 15:48:57,983 - __main__ - INFO - Successfully inserted building 'SSP_BLDG_9'
2025-10-21 15:48:57,983 - __main__ - INFO - Processing building 6/17: SSP_BLDG_3
2025-10-21 15:48:58,305 - sparql - INFO - Building 'SSP_BLDG_3' does not exist
2025-10-21 15:48:58,309 - __main__ - INFO - Generating SPARQL query for 'SSP_BLDG_3'...
2025-10-21 15:48:58,310 - __main__ - INFO - Inserting building 'SSP_BLDG_3' into triplestore...
2025-10-21 15:48:58,697 - sparql - INFO - Successfully executed INSERT query
2025-10-21 15:48:58,702 - __main__ - INFO - Successfully inserted building 'SSP_BLDG_3'
2025-10-21 15:48:58,702 - __main__ - INFO - Processing building 7/17: SSP_BLDG_11
2025-10-21 15:48:59,030 - sparql - INFO - Building 'SSP_BLDG_11' does not exist
2025-10-21 15:48:59,031 - __main__ - INFO - Generating SPARQL query for 'SSP_BLDG_11'...
2025-10-21 15:48:59,031 - __main__ - INFO - Inserting building 'SSP_BLDG_11' into triplestore...
2025-10-21 15:48:59,343 - sparql - INFO - Successfully executed INSERT query
2025-10-21 15:48:59,344 - __main__ - INFO - Successfully inserted building 'SSP_BLDG_11'
2025-10-21 15:48:59,344 - __main__ - INFO - Processing building 8/17: SSP_BLDG_10
2025-10-21 15:48:59,752 - sparql - INFO - Building 'SSP_BLDG_10' does not exist
2025-10-21 15:48:59,755 - __main__ - INFO - Generating SPARQL query for 'SSP_BLDG_10'...
2025-10-21 15:48:59,755 - __main__ - INFO - Inserting building 'SSP_BLDG_10' into triplestore...
2025-10-21 15:49:00,073 - sparql - INFO - Successfully executed INSERT query
2025-10-21 15:49:00,074 - __main__ - INFO - Successfully inserted building 'SSP_BLDG_10'
2025-10-21 15:49:00,074 - __main__ - INFO - Processing building 9/17: SSP_BLDG_8
2025-10-21 15:49:00,407 - sparql - INFO - Building 'SSP_BLDG_8' does not exist
2025-10-21 15:49:00,410 - __main__ - INFO - Generating SPARQL query for 'SSP_BLDG_8'...
2025-10-21 15:49:00,410 - __main__ - INFO - Inserting building 'SSP_BLDG_8' into triplestore...
2025-10-21 15:49:00,796 - sparql - INFO - Successfully executed INSERT query
2025-10-21 15:49:00,803 - __main__ - INFO - Successfully inserted building 'SSP_BLDG_8'
2025-10-21 15:49:00,803 - __main__ - INFO - Processing building 10/17: SSP_BLDG_15
2025-10-21 15:49:01,124 - sparql - INFO - Building 'SSP_BLDG_15' does not exist
2025-10-21 15:49:01,128 - __main__ - INFO - Generating SPARQL query for 'SSP_BLDG_15'...
2025-10-21 15:49:01,128 - __main__ - INFO - Inserting building 'SSP_BLDG_15' into triplestore...
2025-10-21 15:49:01,451 - sparql - INFO - Successfully executed INSERT query
2025-10-21 15:49:01,452 - __main__ - INFO - Successfully inserted building 'SSP_BLDG_15'
2025-10-21 15:49:01,452 - __main__ - INFO - Processing building 11/17: SSP_BLDG_13
2025-10-21 15:49:01,850 - sparql - INFO - Building 'SSP_BLDG_13' does not exist
2025-10-21 15:49:01,853 - __main__ - INFO - Generating SPARQL query for 'SSP_BLDG_13'...
2025-10-21 15:49:01,854 - __main__ - INFO - Inserting building 'SSP_BLDG_13' into triplestore...
2025-10-21 15:49:02,170 - sparql - INFO - Successfully executed INSERT query
2025-10-21 15:49:02,173 - __main__ - INFO - Successfully inserted building 'SSP_BLDG_13'
2025-10-21 15:49:02,173 - __main__ - INFO - Processing building 12/17: SSP_BLDG_12
2025-10-21 15:49:02,507 - sparql - INFO - Building 'SSP_BLDG_12' does not exist
2025-10-21 15:49:02,510 - __main__ - INFO - Generating SPARQL query for 'SSP_BLDG_12'...
2025-10-21 15:49:02,510 - __main__ - INFO - Inserting building 'SSP_BLDG_12' into triplestore...
2025-10-21 15:49:02,891 - sparql - INFO - Successfully executed INSERT query
2025-10-21 15:49:02,894 - __main__ - INFO - Successfully inserted building 'SSP_BLDG_12'
2025-10-21 15:49:02,894 - __main__ - INFO - Processing building 13/17: SSP_BLDG_7
2025-10-21 15:49:03,220 - sparql - INFO - Building 'SSP_BLDG_7' does not exist
2025-10-21 15:49:03,223 - __main__ - INFO - Generating SPARQL query for 'SSP_BLDG_7'...
2025-10-21 15:49:03,223 - __main__ - INFO - Inserting building 'SSP_BLDG_7' into triplestore...
2025-10-21 15:49:03,537 - sparql - INFO - Successfully executed INSERT query
2025-10-21 15:49:03,539 - __main__ - INFO - Successfully inserted building 'SSP_BLDG_7'
2025-10-21 15:49:03,539 - __main__ - INFO - Processing building 14/17: SSP_BLDG_4
2025-10-21 15:49:03,939 - sparql - INFO - Building 'SSP_BLDG_4' does not exist
2025-10-21 15:49:03,942 - __main__ - INFO - Generating SPARQL query for 'SSP_BLDG_4'...
2025-10-21 15:49:03,942 - __main__ - INFO - Inserting building 'SSP_BLDG_4' into triplestore...
2025-10-21 15:49:04,266 - sparql - INFO - Successfully executed INSERT query
2025-10-21 15:49:04,267 - __main__ - INFO - Successfully inserted building 'SSP_BLDG_4'
2025-10-21 15:49:04,267 - __main__ - INFO - Processing building 15/17: SSP_BLDG_5
2025-10-21 15:49:04,598 - sparql - INFO - Building 'SSP_BLDG_5' does not exist
2025-10-21 15:49:04,601 - __main__ - INFO - Generating SPARQL query for 'SSP_BLDG_5'...
2025-10-21 15:49:04,601 - __main__ - INFO - Inserting building 'SSP_BLDG_5' into triplestore...
2025-10-21 15:49:04,989 - sparql - INFO - Successfully executed INSERT query
2025-10-21 15:49:04,990 - __main__ - INFO - Successfully inserted building 'SSP_BLDG_5'
2025-10-21 15:49:04,990 - __main__ - INFO - Processing building 16/17: SSP_BUILDINGS_11
2025-10-21 15:49:05,392 - sparql - INFO - Building 'SSP_BUILDINGS_11' does not exist
2025-10-21 15:49:05,399 - __main__ - INFO - Generating SPARQL query for 'SSP_BUILDINGS_11'...
2025-10-21 15:49:05,399 - __main__ - INFO - Inserting building 'SSP_BUILDINGS_11' into triplestore...
2025-10-21 15:49:05,734 - sparql - INFO - Successfully executed INSERT query
2025-10-21 15:49:05,740 - __main__ - INFO - Successfully inserted building 'SSP_BUILDINGS_11'
2025-10-21 15:49:05,740 - __main__ - INFO - Processing building 17/17: SSP_BLDG_16
2025-10-21 15:49:06,167 - sparql - INFO - Building 'SSP_BLDG_16' does not exist
2025-10-21 15:49:06,170 - __main__ - INFO - Generating SPARQL query for 'SSP_BLDG_16'...
2025-10-21 15:49:06,182 - __main__ - INFO - Inserting building 'SSP_BLDG_16' into triplestore...
2025-10-21 15:49:06,564 - sparql - INFO - Successfully executed INSERT query
2025-10-21 15:49:06,566 - __main__ - INFO - Successfully inserted building 'SSP_BLDG_16'
2025-10-21 15:49:06,566 - __main__ - INFO - Database connection closed
2025-10-21 15:49:06,566 - __main__ - INFO - Writing results to output files...
2025-10-21 15:49:06,566 - __main__ - INFO - Inserted 17 buildings
2025-10-21 15:49:06,566 - __main__ - INFO - ================================================================================
2025-10-21 15:49:06,566 - __main__ - INFO - SUMMARY
2025-10-21 15:49:06,566 - __main__ - INFO - ================================================================================
2025-10-21 15:49:06,566 - __main__ - INFO - Buildings inserted: 17
2025-10-21 15:49:06,566 - __main__ - INFO - Buildings skipped: 0
2025-10-21 15:49:06,566 - __main__ - INFO - Buildings with errors: 0
2025-10-21 15:49:06,567 - __main__ - INFO - ================================================================================
2025-10-21 15:49:06,567 - __main__ - INFO - Script completed successfully
