Successfully Inserted Buildings
Generated: 2025-10-21 15:49:06
================================================================================

SSP_BLDG_2 - Ex convento 2
SSP_BLDG_6 - Atrio casa dell'ortolano 6
SSP_BLDG_1 - Ex chiesa 1
SSP_BLDG_14 - Ex edificio 14
SSP_BLDG_9 - Ex postazione di artiglieria 9
SSP_BLDG_3 - Bunker 3
SSP_BLDG_11 - Muro di cinta 11
SSP_BLDG_10 - Ex postazione di artiglieria 10
SSP_BLDG_8 - Ex postazione di artiglieria 8
SSP_BLDG_15 - Latrine 15
SSP_BLDG_13 - Lavatoio 13
SSP_BLDG_12 - Baracca 12
SSP_BLDG_7 - Polveriera 7
SSP_BLDG_4 - Cavana 4
SSP_BLDG_5 - Casa dell'ortolano 5
SSP_BUILDINGS_11 - Muro di cinta 11.1
SSP_BLDG_16 - Conigliera 16
